# JRE version: OpenJDK Runtime Environment Temurin-21.0.9+10 (21.0.9+10) (build 21.0.9+10-LTS)
# Java VM: OpenJDK 64-Bit Server VM Temurin-21.0.9+10 (21.0.9+10-LTS, mixed mode, sharing, tiered, compressed oops, compressed class ptrs, parallel gc, windows-amd64)
GC Precious Log:
 CardTable entry size: 512
 CPUs: 12 total, 12 available
 Memory: 16103M
 Large Page Support: Disabled
 NUMA Support: Disabled
 Compressed Oops: Enabled (32-bit)
 Alignments: Space 512K, Generation 512K, Heap 2M
 Heap Min Capacity: 100M
 Heap Initial Capacity: 100M
 Heap Max Capacity: 2G
 Pre-touch: Disabled
 Parallel Workers: 10
Heap:
 PSYoungGen      total 16896K, used 3018K [0x00000000d5580000, 0x00000000d6c00000, 0x0000000100000000)
  eden space 16384K, 16% used [0x00000000d5580000,0x00000000d5812960,0x00000000d6580000)
  from space 512K, 75% used [0x00000000d6b80000,0x00000000d6be0020,0x00000000d6c00000)
  to   space 1024K, 0% used [0x00000000d6a00000,0x00000000d6a00000,0x00000000d6b00000)
 ParOldGen       total 212992K, used 212603K [0x0000000080000000, 0x000000008d000000, 0x00000000d5580000)
  object space 212992K, 99% used [0x0000000080000000,0x000000008cf9eee8,0x000000008d000000)
 Metaspace       used 83413K, committed 85120K, reserved 1179648K
  class space    used 7831K, committed 8576K, reserved 1048576K
GC Heap History (20 events):
Event: 94.501 GC heap before
{Heap before GC invocations=144 (full 3):
 PSYoungGen      total 19456K, used 19060K [0x00000000d5580000, 0x00000000d6a80000, 0x0000000100000000)
  eden space 17920K, 100% used [0x00000000d5580000,0x00000000d6700000,0x00000000d6700000)
  from space 1536K, 74% used [0x00000000d6900000,0x00000000d6a1d200,0x00000000d6a80000)
  to   space 1536K, 0% used [0x00000000d6780000,0x00000000d6780000,0x00000000d6900000)
 ParOldGen       total 198656K, used 198325K [0x0000000080000000, 0x000000008c200000, 0x00000000d5580000)
  object space 198656K, 99% used [0x0000000080000000,0x000000008c1ad418,0x000000008c200000)
 Metaspace       used 81413K, committed 83136K, reserved 1179648K
  class space    used 7731K, committed 8512K, reserved 1048576K
}
Event: 94.507 GC heap after
{Heap after GC invocations=144 (full 3):
 PSYoungGen      total 19456K, used 1492K [0x00000000d5580000, 0x00000000d6b00000, 0x0000000100000000)
  eden space 17920K, 0% used [0x00000000d5580000,0x00000000d5580000,0x00000000d6700000)
  from space 1536K, 97% used [0x00000000d6780000,0x00000000d68f5200,0x00000000d6900000)
  to   space 2048K, 0% used [0x00000000d6900000,0x00000000d6900000,0x00000000d6b00000)
 ParOldGen       total 199680K, used 199246K [0x0000000080000000, 0x000000008c300000, 0x00000000d5580000)
  object space 199680K, 99% used [0x0000000080000000,0x000000008c293ae8,0x000000008c300000)
 Metaspace       used 81413K, committed 83136K, reserved 1179648K
  class space    used 7731K, committed 8512K, reserved 1048576K
}
Event: 429386.715 GC heap before
{Heap before GC invocations=145 (full 3):
 PSYoungGen      total 19456K, used 19412K [0x00000000d5580000, 0x00000000d6b00000, 0x0000000100000000)
  eden space 17920K, 100% used [0x00000000d5580000,0x00000000d6700000,0x00000000d6700000)
  from space 1536K, 97% used [0x00000000d6780000,0x00000000d68f5200,0x00000000d6900000)
  to   space 2048K, 0% used [0x00000000d6900000,0x00000000d6900000,0x00000000d6b00000)
 ParOldGen       total 199680K, used 199246K [0x0000000080000000, 0x000000008c300000, 0x00000000d5580000)
  object space 199680K, 99% used [0x0000000080000000,0x000000008c293ae8,0x000000008c300000)
 Metaspace       used 81786K, committed 83456K, reserved 1179648K
  class space    used 7734K, committed 8512K, reserved 1048576K
}
Event: 429386.849 GC heap after
{Heap after GC invocations=145 (full 3):
 PSYoungGen      total 18944K, used 800K [0x00000000d5580000, 0x00000000d6a00000, 0x0000000100000000)
  eden space 17920K, 0% used [0x00000000d5580000,0x00000000d5580000,0x00000000d6700000)
  from space 1024K, 78% used [0x00000000d6900000,0x00000000d69c8000,0x00000000d6a00000)
  to   space 1536K, 0% used [0x00000000d6700000,0x00000000d6700000,0x00000000d6880000)
 ParOldGen       total 200704K, used 200574K [0x0000000080000000, 0x000000008c400000, 0x00000000d5580000)
  object space 200704K, 99% used [0x0000000080000000,0x000000008c3df978,0x000000008c400000)
 Metaspace       used 81786K, committed 83456K, reserved 1179648K
  class space    used 7734K, committed 8512K, reserved 1048576K
}
Event: 606241.939 GC heap before
{Heap before GC invocations=146 (full 3):
 PSYoungGen      total 18944K, used 18720K [0x00000000d5580000, 0x00000000d6a00000, 0x0000000100000000)
  eden space 17920K, 100% used [0x00000000d5580000,0x00000000d6700000,0x00000000d6700000)
  from space 1024K, 78% used [0x00000000d6900000,0x00000000d69c8000,0x00000000d6a00000)
  to   space 1536K, 0% used [0x00000000d6700000,0x00000000d6700000,0x00000000d6880000)
 ParOldGen       total 200704K, used 200574K [0x0000000080000000, 0x000000008c400000, 0x00000000d5580000)
  object space 200704K, 99% used [0x0000000080000000,0x000000008c3df978,0x000000008c400000)
 Metaspace       used 82011K, committed 83648K, reserved 1179648K
  class space    used 7755K, committed 8512K, reserved 1048576K
}
Event: 606241.997 GC heap after
{Heap after GC invocations=146 (full 3):
 PSYoungGen      total 19456K, used 1108K [0x00000000d5580000, 0x00000000d6a00000, 0x0000000100000000)
  eden space 17920K, 0% used [0x00000000d5580000,0x00000000d5580000,0x00000000d6700000)
  from space 1536K, 72% used [0x00000000d6700000,0x00000000d6815220,0x00000000d6880000)
  to   space 1536K, 0% used [0x00000000d6880000,0x00000000d6880000,0x00000000d6a00000)
 ParOldGen       total 201216K, used 201196K [0x0000000080000000, 0x000000008c480000, 0x00000000d5580000)
  object space 201216K, 99% used [0x0000000080000000,0x000000008c47b138,0x000000008c480000)
 Metaspace       used 82011K, committed 83648K, reserved 1179648K
  class space    used 7755K, committed 8512K, reserved 1048576K
}
Event: 670396.909 GC heap before
{Heap before GC invocations=147 (full 3):
 PSYoungGen      total 19456K, used 19028K [0x00000000d5580000, 0x00000000d6a00000, 0x0000000100000000)
  eden space 17920K, 100% used [0x00000000d5580000,0x00000000d6700000,0x00000000d6700000)
  from space 1536K, 72% used [0x00000000d6700000,0x00000000d6815220,0x00000000d6880000)
  to   space 1536K, 0% used [0x00000000d6880000,0x00000000d6880000,0x00000000d6a00000)
 ParOldGen       total 201216K, used 201196K [0x0000000080000000, 0x000000008c480000, 0x00000000d5580000)
  object space 201216K, 99% used [0x0000000080000000,0x000000008c47b138,0x000000008c480000)
 Metaspace       used 82868K, committed 84480K, reserved 1179648K
  class space    used 7816K, committed 8576K, reserved 1048576K
}
Event: 670396.946 GC heap after
{Heap after GC invocations=147 (full 3):
 PSYoungGen      total 17920K, used 1524K [0x00000000d5580000, 0x00000000d6d00000, 0x0000000100000000)
  eden space 16384K, 0% used [0x00000000d5580000,0x00000000d5580000,0x00000000d6580000)
  from space 1536K, 99% used [0x00000000d6880000,0x00000000d69fd220,0x00000000d6a00000)
  to   space 3072K, 0% used [0x00000000d6580000,0x00000000d6580000,0x00000000d6880000)
 ParOldGen       total 202240K, used 202158K [0x0000000080000000, 0x000000008c580000, 0x00000000d5580000)
  object space 202240K, 99% used [0x0000000080000000,0x000000008c56b828,0x000000008c580000)
 Metaspace       used 82868K, committed 84480K, reserved 1179648K
  class space    used 7816K, committed 8576K, reserved 1048576K
}
Event: 671006.829 GC heap before
{Heap before GC invocations=148 (full 3):
 PSYoungGen      total 17920K, used 17908K [0x00000000d5580000, 0x00000000d6d00000, 0x0000000100000000)
  eden space 16384K, 100% used [0x00000000d5580000,0x00000000d6580000,0x00000000d6580000)
  from space 1536K, 99% used [0x00000000d6880000,0x00000000d69fd220,0x00000000d6a00000)
  to   space 3072K, 0% used [0x00000000d6580000,0x00000000d6580000,0x00000000d6880000)
 ParOldGen       total 202240K, used 202158K [0x0000000080000000, 0x000000008c580000, 0x00000000d5580000)
  object space 202240K, 99% used [0x0000000080000000,0x000000008c56b828,0x000000008c580000)
 Metaspace       used 82993K, committed 84608K, reserved 1179648K
  class space    used 7821K, committed 8576K, reserved 1048576K
}
Event: 671006.839 GC heap after
{Heap after GC invocations=148 (full 3):
 PSYoungGen      total 19456K, used 3061K [0x00000000d5580000, 0x00000000d7780000, 0x0000000100000000)
  eden space 16384K, 0% used [0x00000000d5580000,0x00000000d5580000,0x00000000d6580000)
  from space 3072K, 99% used [0x00000000d6580000,0x00000000d687d518,0x00000000d6880000)
  to   space 9216K, 0% used [0x00000000d6e80000,0x00000000d6e80000,0x00000000d7780000)
 ParOldGen       total 206848K, used 206847K [0x0000000080000000, 0x000000008ca00000, 0x00000000d5580000)
  object space 206848K, 99% used [0x0000000080000000,0x000000008c9fff28,0x000000008ca00000)
 Metaspace       used 82993K, committed 84608K, reserved 1179648K
  class space    used 7821K, committed 8576K, reserved 1048576K
}
Event: 671172.409 GC heap before
{Heap before GC invocations=149 (full 3):
 PSYoungGen      total 19456K, used 19445K [0x00000000d5580000, 0x00000000d7780000, 0x0000000100000000)
  eden space 16384K, 100% used [0x00000000d5580000,0x00000000d6580000,0x00000000d6580000)
  from space 3072K, 99% used [0x00000000d6580000,0x00000000d687d518,0x00000000d6880000)
  to   space 9216K, 0% used [0x00000000d6e80000,0x00000000d6e80000,0x00000000d7780000)
 ParOldGen       total 206848K, used 206847K [0x0000000080000000, 0x000000008ca00000, 0x00000000d5580000)
  object space 206848K, 99% used [0x0000000080000000,0x000000008c9fff28,0x000000008ca00000)
 Metaspace       used 83041K, committed 84736K, reserved 1179648K
  class space    used 7822K, committed 8576K, reserved 1048576K
}
Event: 671172.416 GC heap after
{Heap after GC invocations=149 (full 3):
 PSYoungGen      total 18944K, used 2116K [0x00000000d5580000, 0x00000000d7100000, 0x0000000100000000)
  eden space 16384K, 0% used [0x00000000d5580000,0x00000000d5580000,0x00000000d6580000)
  from space 2560K, 82% used [0x00000000d6e80000,0x00000000d7091240,0x00000000d7100000)
  to   space 4608K, 0% used [0x00000000d6800000,0x00000000d6800000,0x00000000d6c80000)
 ParOldGen       total 207360K, used 207340K [0x0000000080000000, 0x000000008ca80000, 0x00000000d5580000)
  object space 207360K, 99% used [0x0000000080000000,0x000000008ca7b3e8,0x000000008ca80000)
 Metaspace       used 83041K, committed 84736K, reserved 1179648K
  class space    used 7822K, committed 8576K, reserved 1048576K
}
Event: 671174.390 GC heap before
{Heap before GC invocations=150 (full 3):
 PSYoungGen      total 18944K, used 18500K [0x00000000d5580000, 0x00000000d7100000, 0x0000000100000000)
  eden space 16384K, 100% used [0x00000000d5580000,0x00000000d6580000,0x00000000d6580000)
  from space 2560K, 82% used [0x00000000d6e80000,0x00000000d7091240,0x00000000d7100000)
  to   space 4608K, 0% used [0x00000000d6800000,0x00000000d6800000,0x00000000d6c80000)
 ParOldGen       total 207360K, used 207340K [0x0000000080000000, 0x000000008ca80000, 0x00000000d5580000)
  object space 207360K, 99% used [0x0000000080000000,0x000000008ca7b3e8,0x000000008ca80000)
 Metaspace       used 83189K, committed 84864K, reserved 1179648K
  class space    used 7823K, committed 8576K, reserved 1048576K
}
Event: 671174.393 GC heap after
{Heap after GC invocations=150 (full 3):
 PSYoungGen      total 20992K, used 1524K [0x00000000d5580000, 0x00000000d6f00000, 0x0000000100000000)
  eden space 16384K, 0% used [0x00000000d5580000,0x00000000d5580000,0x00000000d6580000)
  from space 4608K, 33% used [0x00000000d6800000,0x00000000d697d220,0x00000000d6c80000)
  to   space 2560K, 0% used [0x00000000d6c80000,0x00000000d6c80000,0x00000000d6f00000)
 ParOldGen       total 209408K, used 209290K [0x0000000080000000, 0x000000008cc80000, 0x00000000d5580000)
  object space 209408K, 99% used [0x0000000080000000,0x000000008cc629d8,0x000000008cc80000)
 Metaspace       used 83189K, committed 84864K, reserved 1179648K
  class space    used 7823K, committed 8576K, reserved 1048576K
}
Event: 671174.476 GC heap before
{Heap before GC invocations=151 (full 3):
 PSYoungGen      total 20992K, used 17908K [0x00000000d5580000, 0x00000000d6f00000, 0x0000000100000000)
  eden space 16384K, 100% used [0x00000000d5580000,0x00000000d6580000,0x00000000d6580000)
  from space 4608K, 33% used [0x00000000d6800000,0x00000000d697d220,0x00000000d6c80000)
  to   space 2560K, 0% used [0x00000000d6c80000,0x00000000d6c80000,0x00000000d6f00000)
 ParOldGen       total 209408K, used 209290K [0x0000000080000000, 0x000000008cc80000, 0x00000000d5580000)
  object space 209408K, 99% used [0x0000000080000000,0x000000008cc629d8,0x000000008cc80000)
 Metaspace       used 83290K, committed 84992K, reserved 1179648K
  class space    used 7823K, committed 8576K, reserved 1048576K
}
Event: 671174.478 GC heap after
{Heap after GC invocations=151 (full 3):
 PSYoungGen      total 18432K, used 1604K [0x00000000d5580000, 0x00000000d6e80000, 0x0000000100000000)
  eden space 16384K, 0% used [0x00000000d5580000,0x00000000d5580000,0x00000000d6580000)
  from space 2048K, 78% used [0x00000000d6c80000,0x00000000d6e11210,0x00000000d6e80000)
  to   space 2048K, 0% used [0x00000000d6a80000,0x00000000d6a80000,0x00000000d6c80000)
 ParOldGen       total 210944K, used 210662K [0x0000000080000000, 0x000000008ce00000, 0x00000000d5580000)
  object space 210944K, 99% used [0x0000000080000000,0x000000008cdb9898,0x000000008ce00000)
 Metaspace       used 83290K, committed 84992K, reserved 1179648K
  class space    used 7823K, committed 8576K, reserved 1048576K
}
Event: 684791.049 GC heap before
{Heap before GC invocations=152 (full 3):
 PSYoungGen      total 18432K, used 17988K [0x00000000d5580000, 0x00000000d6e80000, 0x0000000100000000)
  eden space 16384K, 100% used [0x00000000d5580000,0x00000000d6580000,0x00000000d6580000)
  from space 2048K, 78% used [0x00000000d6c80000,0x00000000d6e11210,0x00000000d6e80000)
  to   space 2048K, 0% used [0x00000000d6a80000,0x00000000d6a80000,0x00000000d6c80000)
 ParOldGen       total 210944K, used 210662K [0x0000000080000000, 0x000000008ce00000, 0x00000000d5580000)
  object space 210944K, 99% used [0x0000000080000000,0x000000008cdb9898,0x000000008ce00000)
 Metaspace       used 83349K, committed 84992K, reserved 1179648K
  class space    used 7826K, committed 8576K, reserved 1048576K
}
Event: 684791.183 GC heap after
{Heap after GC invocations=152 (full 3):
 PSYoungGen      total 17408K, used 704K [0x00000000d5580000, 0x00000000d6d00000, 0x0000000100000000)
  eden space 16384K, 0% used [0x00000000d5580000,0x00000000d5580000,0x00000000d6580000)
  from space 1024K, 68% used [0x00000000d6a80000,0x00000000d6b30020,0x00000000d6b80000)
  to   space 1536K, 0% used [0x00000000d6b80000,0x00000000d6b80000,0x00000000d6d00000)
 ParOldGen       total 212480K, used 212125K [0x0000000080000000, 0x000000008cf80000, 0x00000000d5580000)
  object space 212480K, 99% used [0x0000000080000000,0x000000008cf27748,0x000000008cf80000)
 Metaspace       used 83349K, committed 84992K, reserved 1179648K
  class space    used 7826K, committed 8576K, reserved 1048576K
}
Event: 694278.191 GC heap before
{Heap before GC invocations=153 (full 3):
 PSYoungGen      total 17408K, used 17088K [0x00000000d5580000, 0x00000000d6d00000, 0x0000000100000000)
  eden space 16384K, 100% used [0x00000000d5580000,0x00000000d6580000,0x00000000d6580000)
  from space 1024K, 68% used [0x00000000d6a80000,0x00000000d6b30020,0x00000000d6b80000)
  to   space 1536K, 0% used [0x00000000d6b80000,0x00000000d6b80000,0x00000000d6d00000)
 ParOldGen       total 212480K, used 212125K [0x0000000080000000, 0x000000008cf80000, 0x00000000d5580000)
  object space 212480K, 99% used [0x0000000080000000,0x000000008cf27748,0x000000008cf80000)
 Metaspace       used 83410K, committed 85120K, reserved 1179648K
  class space    used 7831K, committed 8576K, reserved 1048576K
}
Event: 694278.264 GC heap after
{Heap after GC invocations=153 (full 3):
 PSYoungGen      total 16896K, used 384K [0x00000000d5580000, 0x00000000d6c00000, 0x0000000100000000)
  eden space 16384K, 0% used [0x00000000d5580000,0x00000000d5580000,0x00000000d6580000)
  from space 512K, 75% used [0x00000000d6b80000,0x00000000d6be0020,0x00000000d6c00000)
  to   space 1024K, 0% used [0x00000000d6a00000,0x00000000d6a00000,0x00000000d6b00000)
 ParOldGen       total 212992K, used 212603K [0x0000000080000000, 0x000000008d000000, 0x00000000d5580000)
  object space 212992K, 99% used [0x0000000080000000,0x000000008cf9eee8,0x000000008d000000)
 Metaspace       used 83410K, committed 85120K, reserved 1179648K
  class space    used 7831K, committed 8576K, reserved 1048576K
}

